D:\刘俊\VideoCut\VideoCut\Debug\cl.command.1.tlog
D:\刘俊\VideoCut\VideoCut\Debug\CL.read.1.tlog
D:\刘俊\VideoCut\VideoCut\Debug\CL.write.1.tlog
D:\刘俊\VideoCut\VideoCut\Debug\link.6592.read.1.tlog
D:\刘俊\VideoCut\VideoCut\Debug\link.6592.write.1.tlog
D:\刘俊\VideoCut\VideoCut\Debug\link.6592-cvtres.read.1.tlog
D:\刘俊\VideoCut\VideoCut\Debug\link.6592-cvtres.write.1.tlog
D:\刘俊\VideoCut\VideoCut\Debug\link.command.1.tlog
D:\刘俊\VideoCut\VideoCut\Debug\link.read.1.tlog
D:\刘俊\VideoCut\VideoCut\Debug\link.write.1.tlog
D:\刘俊\VideoCut\VideoCut\Debug\link-cvtres.read.1.tlog
D:\刘俊\VideoCut\VideoCut\Debug\link-cvtres.write.1.tlog
D:\刘俊\VideoCut\VideoCut\Debug\mt.command.1.tlog
D:\刘俊\VideoCut\VideoCut\Debug\mt.read.1.tlog
D:\刘俊\VideoCut\VideoCut\Debug\mt.write.1.tlog
D:\刘俊\VideoCut\VideoCut\Debug\rc.command.1.tlog
D:\刘俊\VideoCut\VideoCut\Debug\rc.read.1.tlog
D:\刘俊\VideoCut\VideoCut\Debug\rc.write.1.tlog
D:\刘俊\VIDEOCUT\VIDEOCUT\DEBUG\STDAFX.OBJ
D:\刘俊\VideoCut\VideoCut\Debug\vc100.idb
D:\刘俊\VIDEOCUT\VIDEOCUT\DEBUG\VC100.PDB
D:\刘俊\VIDEOCUT\VIDEOCUT\DEBUG\VIDEOCUT.EXE
D:\刘俊\VIDEOCUT\VIDEOCUT\DEBUG\VIDEOCUT.EXE.EMBED.MANIFEST
D:\刘俊\VIDEOCUT\VIDEOCUT\DEBUG\VIDEOCUT.EXE.EMBED.MANIFEST.RES
D:\刘俊\VIDEOCUT\VIDEOCUT\DEBUG\VIDEOCUT.EXE.INTERMEDIATE.MANIFEST
D:\刘俊\VIDEOCUT\VIDEOCUT\DEBUG\VIDEOCUT.ILK
D:\刘俊\VIDEOCUT\VIDEOCUT\DEBUG\VIDEOCUT.OBJ
D:\刘俊\VIDEOCUT\VIDEOCUT\DEBUG\VIDEOCUT.PCH
D:\刘俊\VIDEOCUT\VIDEOCUT\DEBUG\VIDEOCUT.PDB
D:\刘俊\VideoCut\VideoCut\Debug\VideoCut_manifest.rc
