生成启动时间为 2016/1/4 16:21:16。
     1>项目“D:\刘俊\VideoCut\VideoCut\VideoCut.vcxproj”在节点 2 上(build 个目标)。
     1>InitializeBuildStatus:
         正在创建“Release\VideoCut.unsuccessfulbuild”，因为已指定“AlwaysCreate”。
       ClCompile:
         C:\Program Files\Microsoft Visual Studio 10.0\VC\bin\CL.exe /c /Zi /nologo /W3 /WX- /O2 /Oi /Oy- /GL /D WIN32 /D NDEBUG /D _CONSOLE /D _UNICODE /D UNICODE /Gm- /EHsc /MD /GS /Gy /fp:precise /Zc:wchar_t /Zc:forScope /Yc"StdAfx.h" /Fp"Release\VideoCut.pch" /Fo"Release\\" /Fd"Release\vc100.pdb" /Gd /TP /analyze- /errorReport:prompt stdafx.cpp
         stdafx.cpp
         C:\Program Files\Microsoft Visual Studio 10.0\VC\bin\CL.exe /c /Zi /nologo /W3 /WX- /O2 /Oi /Oy- /GL /D WIN32 /D NDEBUG /D _CONSOLE /D _UNICODE /D UNICODE /Gm- /EHsc /MD /GS /Gy /fp:precise /Zc:wchar_t /Zc:forScope /Yu"StdAfx.h" /Fp"Release\VideoCut.pch" /Fo"Release\\" /Fd"Release\vc100.pdb" /Gd /TP /analyze- /errorReport:prompt VideoCut.cpp
         VideoCut.cpp
     1>d:\program files\opencv\build\include\opencv2\flann\logger.h(66): warning C4996: 'fopen': This function or variable may be unsafe. Consider using fopen_s instead. To disable deprecation, use _CRT_SECURE_NO_WARNINGS. See online help for details.
                 C:\Program Files\Microsoft Visual Studio 10.0\VC\include\stdio.h(234) : 参见“fopen”的声明
       Link:
         C:\Program Files\Microsoft Visual Studio 10.0\VC\bin\link.exe /ERRORREPORT:PROMPT /OUT:"D:\刘俊\VideoCut\VideoCut\Release\VideoCut.exe" /INCREMENTAL:NO /NOLOGO kernel32.lib user32.lib gdi32.lib winspool.lib comdlg32.lib advapi32.lib shell32.lib ole32.lib oleaut32.lib uuid.lib odbc32.lib odbccp32.lib /MANIFEST /ManifestFile:"Release\VideoCut.exe.intermediate.manifest" /MANIFESTUAC:"level='asInvoker' uiAccess='false'" /DEBUG /PDB:"D:\刘俊\VideoCut\VideoCut\Release\VideoCut.pdb" /SUBSYSTEM:CONSOLE /OPT:REF /OPT:ICF /LTCG /TLBID:1 /DYNAMICBASE /NXCOMPAT /IMPLIB:"D:\刘俊\VideoCut\VideoCut\Release\VideoCut.lib" /MACHINE:X86 Release\stdafx.obj
         Release\VideoCut.obj
     1>VideoCut.obj : error LNK2001: 无法解析的外部符号 _cvSetCaptureProperty
     1>VideoCut.obj : error LNK2001: 无法解析的外部符号 _cvNamedWindow
     1>VideoCut.obj : error LNK2001: 无法解析的外部符号 _cvCreateFileCapture
     1>VideoCut.obj : error LNK2001: 无法解析的外部符号 _cvGetCaptureProperty
     1>VideoCut.obj : error LNK2001: 无法解析的外部符号 _cvCreateTrackbar
     1>VideoCut.obj : error LNK2001: 无法解析的外部符号 _cvCreateVideoWriter
     1>VideoCut.obj : error LNK2001: 无法解析的外部符号 _cvQueryFrame
     1>VideoCut.obj : error LNK2001: 无法解析的外部符号 _cvShowImage
     1>VideoCut.obj : error LNK2001: 无法解析的外部符号 _cvWriteFrame
     1>VideoCut.obj : error LNK2001: 无法解析的外部符号 _cvWaitKey
     1>VideoCut.obj : error LNK2001: 无法解析的外部符号 _cvReleaseCapture
     1>VideoCut.obj : error LNK2001: 无法解析的外部符号 _cvReleaseVideoWriter
     1>VideoCut.obj : error LNK2001: 无法解析的外部符号 _cvDestroyWindow
     1>D:\刘俊\VideoCut\VideoCut\Release\VideoCut.exe : fatal error LNK1120: 13 个无法解析的外部命令
     1>已完成生成项目“D:\刘俊\VideoCut\VideoCut\VideoCut.vcxproj”(build 个目标)的操作 - 失败。

生成失败。

已用时间 00:00:07.26
